<?xml version='1.0' encoding='UTF-8' ?>
<testsuite name="com.innosage.androidagentictemplate.WhisperTranscriptionTest" tests="1" failures="1" errors="0" skipped="0" time="0.913" timestamp="2026-02-23T16:17:12" hostname="localhost">
  <properties>
    <property name="device" value="test_avd(AVD) - 14" />
    <property name="flavor" value="" />
    <property name="project" value=":app" />
  </properties>
  <testcase name="testTranscriptionWorks" classname="com.innosage.androidagentictemplate.WhisperTranscriptionTest" time="0.026">
    <failure>java.lang.AssertionError: Model file should exist at /storage/emulated/0/Android/data/com.innosage.androidagentictemplate/files/ggml-small.bin
at org.junit.Assert.fail(Assert.java:89)
at org.junit.Assert.assertTrue(Assert.java:42)
at com.innosage.androidagentictemplate.WhisperTranscriptionTest.testTranscriptionWorks(WhisperTranscriptionTest.kt:32)
</failure>
  </testcase>
</testsuite>